<?xml version="1.0" encoding="UTF-8"?>
<testsuite name="greeter.GreeterSpec" tests="1" skipped="0" failures="0" errors="0" timestamp="2018-03-24T19:20:20" hostname="paulo-VJF155F11X-B0911B" time="0.083">
  <properties/>
  <testcase name="Calling the entry point" classname="greeter.GreeterSpec" time="0.083"/>
  <system-out><![CDATA[]]></system-out>
  <system-err><![CDATA[]]></system-err>
</testsuite>
